<?xml version="1.0" encoding="UTF-8"?>
<coverage generated="1512171021708" clover="3.2.0">
  <project timestamp="1512171021708" name="All files">
    <metrics statements="9" coveredstatements="8" conditionals="0" coveredconditionals="0" methods="5" coveredmethods="4" elements="14" coveredelements="12" complexity="0" loc="9" ncloc="9" packages="2" files="3" classes="3">
      <package name="src">
        <metrics statements="1" coveredstatements="1" conditionals="0" coveredconditionals="0" methods="0" coveredmethods="0"/>
        <file name="setupTests.js" path="C:\Users\Asus\Desktop\Frontend Masters\REACT\Reactjs_Practice\src\setupTests.js">
          <metrics statements="1" coveredstatements="1" conditionals="0" coveredconditionals="0" methods="0" coveredmethods="0"/>
          <line num="4" count="1" type="stmt"/>
        </file>
      </package>
      <package name="src.components">
        <metrics statements="8" coveredstatements="7" conditionals="0" coveredconditionals="0" methods="5" coveredmethods="4"/>
        <file name="ShowCard.jsx" path="C:\Users\Asus\Desktop\Frontend Masters\REACT\Reactjs_Practice\src\components\ShowCard.jsx">
          <metrics statements="4" coveredstatements="3" conditionals="0" coveredconditionals="0" methods="1" coveredmethods="0"/>
          <line num="4" count="1" type="stmt"/>
          <line num="13" count="1" type="stmt"/>
          <line num="19" count="1" type="stmt"/>
          <line num="25" count="0" type="stmt"/>
        </file>
        <file name="search.jsx" path="C:\Users\Asus\Desktop\Frontend Masters\REACT\Reactjs_Practice\src\components\search.jsx">
          <metrics statements="4" coveredstatements="4" conditionals="0" coveredconditionals="0" methods="4" coveredmethods="4"/>
          <line num="10" count="1" type="stmt"/>
          <line num="13" count="4" type="stmt"/>
          <line num="28" count="60" type="stmt"/>
          <line num="32" count="47" type="stmt"/>
        </file>
      </package>
    </metrics>
  </project>
</coverage>
