{"C:\\Users\\Asus\\Desktop\\Frontend Masters\\REACT\\Reactjs_Practice\\src\\setupTests.js": {"path":"C:\\Users\\Asus\\Desktop\\Frontend Masters\\REACT\\Reactjs_Practice\\src\\setupTests.js","statementMap":{"0":{"start":{"line":4,"column":0},"end":{"line":4,"column":38}}},"fnMap":{},"branchMap":{},"s":{"0":1},"f":{},"b":{},"_coverageSchema":"332fd63041d2c1bcb487cc26dd0d5f7d97098a6c","hash":"1dd257d6afff37d4f50d35d7a2e2d2735de7c4d8"}
,"C:\\Users\\Asus\\Desktop\\Frontend Masters\\REACT\\Reactjs_Practice\\src\\components\\ShowCard.jsx": {"path":"C:\\Users\\Asus\\Desktop\\Frontend Masters\\REACT\\Reactjs_Practice\\src\\components\\ShowCard.jsx","statementMap":{"0":{"start":{"line":4,"column":16},"end":{"line":11,"column":1}},"1":{"start":{"line":13,"column":14},"end":{"line":17,"column":1}},"2":{"start":{"line":19,"column":17},"end":{"line":36,"column":1}},"3":{"start":{"line":25,"column":2},"end":{"line":35,"column":12}}},"fnMap":{"0":{"name":"(anonymous_0)","decl":{"start":{"line":19,"column":17},"end":{"line":19,"column":18}},"loc":{"start":{"line":25,"column":2},"end":{"line":35,"column":12}},"line":25}},"branchMap":{},"s":{"0":1,"1":1,"2":1,"3":0},"f":{"0":0},"b":{},"_coverageSchema":"332fd63041d2c1bcb487cc26dd0d5f7d97098a6c","hash":"37d0432da15df1ad2e4e39251fb511fa8313af1b"}
,"C:\\Users\\Asus\\Desktop\\Frontend Masters\\REACT\\Reactjs_Practice\\src\\components\\search.jsx": {"path":"C:\\Users\\Asus\\Desktop\\Frontend Masters\\REACT\\Reactjs_Practice\\src\\components\\search.jsx","statementMap":{"0":{"start":{"line":10,"column":4},"end":{"line":10,"column":54}},"1":{"start":{"line":13,"column":4},"end":{"line":35,"column":6}},"2":{"start":{"line":28,"column":16},"end":{"line":30,"column":68}},"3":{"start":{"line":32,"column":25},"end":{"line":32,"column":65}}},"fnMap":{"0":{"name":"(anonymous_0)","decl":{"start":{"line":9,"column":27},"end":{"line":9,"column":28}},"loc":{"start":{"line":9,"column":36},"end":{"line":11,"column":3}},"line":9},"1":{"name":"(anonymous_1)","decl":{"start":{"line":12,"column":2},"end":{"line":12,"column":3}},"loc":{"start":{"line":12,"column":11},"end":{"line":36,"column":3}},"line":12},"2":{"name":"(anonymous_2)","decl":{"start":{"line":27,"column":14},"end":{"line":27,"column":15}},"loc":{"start":{"line":28,"column":16},"end":{"line":30,"column":68}},"line":28},"3":{"name":"(anonymous_3)","decl":{"start":{"line":32,"column":17},"end":{"line":32,"column":18}},"loc":{"start":{"line":32,"column":25},"end":{"line":32,"column":65}},"line":32}},"branchMap":{},"s":{"0":1,"1":4,"2":60,"3":47},"f":{"0":1,"1":4,"2":60,"3":47},"b":{},"_coverageSchema":"332fd63041d2c1bcb487cc26dd0d5f7d97098a6c","hash":"09def1d5861a6ca84e4d7e1910d4b2a04c6270af"}
}
