TN:
SF:C:\Users\Asus\Desktop\Frontend Masters\REACT\Reactjs_Practice\src\setupTests.js
FNF:0
FNH:0
DA:4,1
LF:1
LH:1
BRF:0
BRH:0
end_of_record
TN:
SF:C:\Users\Asus\Desktop\Frontend Masters\REACT\Reactjs_Practice\src\components\ShowCard.jsx
FN:19,(anonymous_0)
FNF:1
FNH:0
FNDA:0,(anonymous_0)
DA:4,1
DA:13,1
DA:19,1
DA:25,0
LF:4
LH:3
BRF:0
BRH:0
end_of_record
TN:
SF:C:\Users\Asus\Desktop\Frontend Masters\REACT\Reactjs_Practice\src\components\search.jsx
FN:9,(anonymous_0)
FN:12,(anonymous_1)
FN:27,(anonymous_2)
FN:32,(anonymous_3)
FNF:4
FNH:4
FNDA:1,(anonymous_0)
FNDA:4,(anonymous_1)
FNDA:60,(anonymous_2)
FNDA:47,(anonymous_3)
DA:10,1
DA:13,4
DA:28,60
DA:32,47
LF:4
LH:4
BRF:0
BRH:0
end_of_record
